<?xml version="1.0" encoding="UTF-8"?>
<!-- Generated by org.testng.reporters.JUnitReportReporter -->
<testsuite hostname="CIEC483ZD14" failures="0" tests="1" name="JSONSchemaValidation.GetSchemaValidaton" time="2.833" errors="0" timestamp="2024-12-06T10:30:25 IST" skipped="0">
  <testcase classname="JSONSchemaValidation.GetSchemaValidaton" name="listUsersAPI" time="2.833"/>
</testsuite> <!-- JSONSchemaValidation.GetSchemaValidaton -->
