<?xml version="1.0" encoding="UTF-8"?>
<!-- Generated by org.testng.reporters.JUnitReportReporter -->
<testsuite hostname="CIEC483ZD14" failures="0" tests="1" name="JSONSchemaValidation.PATCHschemaValidation" time="2.547" errors="0" timestamp="2024-12-06T10:35:07 IST" skipped="0">
  <testcase classname="JSONSchemaValidation.PATCHschemaValidation" name="updateUserAPI" time="2.547"/>
</testsuite> <!-- JSONSchemaValidation.PATCHschemaValidation -->
