<?xml version="1.0" encoding="UTF-8"?>
<!-- Generated by org.testng.reporters.JUnitReportReporter -->
<testsuite hostname="CIEC483ZD14" failures="0" tests="1" name="com.api.tests.createUserFromExternalJSONFilePOSTApi" time="2.275" errors="0" timestamp="2024-12-04T12:28:20 IST" skipped="0">
  <testcase classname="com.api.tests.createUserFromExternalJSONFilePOSTApi" name="postAPIUsingExternalFile" time="2.275"/>
</testsuite> <!-- com.api.tests.createUserFromExternalJSONFilePOSTApi -->
