<?xml version="1.0" encoding="UTF-8"?>
<!-- Generated by org.testng.reporters.JUnitReportReporter -->
<testsuite hostname="CIEC483ZD14" failures="0" tests="1" name="com.api.tests.Authentication.BearerTokenAPICall" time="3.456" errors="0" timestamp="2024-12-06T12:46:25 IST" skipped="0">
  <testcase classname="com.api.tests.Authentication.BearerTokenAPICall" name="bearerTokenMethod" time="3.456"/>
</testsuite> <!-- com.api.tests.Authentication.BearerTokenAPICall -->
