<?xml version="1.0" encoding="UTF-8"?>
<!-- Generated by org.testng.reporters.JUnitReportReporter -->
<testsuite hostname="CIEC483ZD14" failures="0" tests="4" name="DDT.createUserPOSTAPIDDT" time="3.964" errors="0" timestamp="2024-12-10T00:26:59 IST" skipped="0">
  <testcase classname="DDT.createUserPOSTAPIDDT" name="createUserPostAPIdataDrivenAutomationTest" time="0.396"/>
  <testcase classname="DDT.createUserPOSTAPIDDT" name="createUserPostAPIdataDrivenAutomationTest" time="2.455"/>
  <testcase classname="DDT.createUserPOSTAPIDDT" name="createUserPostAPIdataDrivenAutomationTest" time="0.397"/>
  <testcase classname="DDT.createUserPOSTAPIDDT" name="createUserPostAPIdataDrivenAutomationTest" time="0.716"/>
</testsuite> <!-- DDT.createUserPOSTAPIDDT -->
