<?xml version="1.0" encoding="UTF-8"?>
<!-- Generated by org.testng.reporters.JUnitReportReporter -->
<testsuite hostname="CIEC483ZD14" failures="0" tests="1" name="com.api.testswireMockPractice.GETAPICall" time="0.996" errors="0" timestamp="2024-12-10T11:30:18 IST" skipped="0">
  <testcase classname="com.api.testswireMockPractice.GETAPICall" name="methodToMakeGETCall" time="0.996"/>
</testsuite> <!-- com.api.testswireMockPractice.GETAPICall -->
