<?xml version="1.0" encoding="UTF-8"?>
<!-- Generated by org.testng.reporters.JUnitReportReporter -->
<testsuite hostname="CIEC483ZD14" failures="0" tests="2" name="com.api.tests.Authentication.APIKeyCall" time="2.208" errors="0" timestamp="2024-12-06T13:39:55 IST" skipped="0">
  <testcase classname="com.api.tests.Authentication.APIKeyCall" name="apiLeyCallMethod2" time="0.606"/>
  <testcase classname="com.api.tests.Authentication.APIKeyCall" name="apiLeyCallMethod1" time="1.602"/>
</testsuite> <!-- com.api.tests.Authentication.APIKeyCall -->
