<?xml version="1.0" encoding="UTF-8"?>
<!-- Generated by org.testng.reporters.JUnitReportReporter -->
<testsuite hostname="CIEC483ZD14" failures="0" tests="1" name="JSONSchemaValidation.jsonSchemeValidationClass" time="2.676" errors="0" timestamp="2024-12-06T10:26:16 IST" skipped="0">
  <testcase classname="JSONSchemaValidation.jsonSchemeValidationClass" name="createUser" time="2.676"/>
</testsuite> <!-- JSONSchemaValidation.jsonSchemeValidationClass -->
