<?xml version="1.0" encoding="UTF-8"?>
<!-- Generated by org.testng.reporters.JUnitReportReporter -->
<testsuite hostname="CIEC483ZD14" failures="0" tests="1" name="com.api.tests.listUserGETAPI" time="2.299" errors="0" timestamp="2024-12-04T11:05:11 IST" skipped="0">
  <testcase classname="com.api.tests.listUserGETAPI" name="listUsersAPI" time="2.299"/>
</testsuite> <!-- com.api.tests.listUserGETAPI -->
