<?xml version="1.0" encoding="UTF-8"?>
<!-- Generated by org.testng.reporters.JUnitReportReporter -->
<testsuite hostname="CIEC483ZD14" failures="0" tests="1" name="com.api.testswireMockPractice.GETAPICall_Approach2" time="0.985" errors="0" timestamp="2024-12-10T12:23:01 IST" skipped="0">
  <testcase classname="com.api.testswireMockPractice.GETAPICall_Approach2" name="methodToMakeGETCall" time="0.985"/>
</testsuite> <!-- com.api.testswireMockPractice.GETAPICall_Approach2 -->
