<?xml version="1.0" encoding="UTF-8"?>
<!-- Generated by org.testng.reporters.JUnitReportReporter -->
<testsuite hostname="CIEC483ZD14" failures="0" tests="1" name="com.api.tests.EmployeeDatabase" time="2.563" errors="0" timestamp="2024-12-03T13:16:36 IST" skipped="0">
  <testcase classname="com.api.tests.EmployeeDatabase" name="listUsersAPI" time="2.563"/>
</testsuite> <!-- com.api.tests.EmployeeDatabase -->
