<?xml version="1.0" encoding="UTF-8"?>
<!-- Generated by org.testng.reporters.JUnitReportReporter -->
<testsuite hostname="CIEC483ZD14" failures="0" tests="1" name="com.api.tests.createUserUsingJSONObjectPOSTApi" time="1.997" errors="0" timestamp="2024-12-04T12:34:51 IST" skipped="0">
  <testcase classname="com.api.tests.createUserUsingJSONObjectPOSTApi" name="postViaJSONObject" time="1.997"/>
</testsuite> <!-- com.api.tests.createUserUsingJSONObjectPOSTApi -->
