<?xml version="1.0" encoding="UTF-8"?>
<!-- Generated by org.testng.reporters.JUnitReportReporter -->
<testsuite hostname="CIEC483ZD14" failures="0" tests="1" name="com.api.tests.updateUserPATCHApi" time="2.470" errors="0" timestamp="2024-12-04T13:06:38 IST" skipped="0">
  <testcase classname="com.api.tests.updateUserPATCHApi" name="updateUserAPI" time="2.470"/>
</testsuite> <!-- com.api.tests.updateUserPATCHApi -->
