<?xml version="1.0" encoding="UTF-8"?>
<!-- Generated by org.testng.reporters.JUnitReportReporter -->
<testsuite hostname="CIEC483ZD14" failures="0" tests="1" name="com.api.tests.createUserPOSTapi" time="1.639" errors="0" timestamp="2024-12-05T09:49:09 IST" skipped="0">
  <testcase classname="com.api.tests.createUserPOSTapi" name="createUser" time="1.639"/>
</testsuite> <!-- com.api.tests.createUserPOSTapi -->
