<?xml version="1.0" encoding="UTF-8"?>
<!-- Generated by org.testng.reporters.JUnitReportReporter -->
<testsuite hostname="CIEC483ZD14" failures="0" tests="1" name="com.api.tests.Authentication.basicAuthAPICall" time="3.934" errors="0" timestamp="2024-12-06T11:11:14 IST" skipped="0">
  <testcase classname="com.api.tests.Authentication.basicAuthAPICall" name="basicAuth" time="3.934"/>
</testsuite> <!-- com.api.tests.Authentication.basicAuthAPICall -->
