<?xml version="1.0" encoding="UTF-8"?>
<!-- Generated by org.testng.reporters.JUnitReportReporter -->
<testsuite hostname="CIEC483ZD14" failures="0" tests="3" name="com.api.tests.Authentication.digestAutherizationAPICall" time="7.011" errors="0" timestamp="2024-12-06T13:10:11 IST" skipped="0">
  <testcase classname="com.api.tests.Authentication.digestAutherizationAPICall" name="digestAuth3" time="1.551"/>
  <testcase classname="com.api.tests.Authentication.digestAutherizationAPICall" name="digestAuth" time="3.969"/>
  <testcase classname="com.api.tests.Authentication.digestAutherizationAPICall" name="digestAuth2" time="1.491"/>
</testsuite> <!-- com.api.tests.Authentication.digestAutherizationAPICall -->
