<?xml version="1.0" encoding="UTF-8"?>
<!-- Generated by org.testng.reporters.JUnitReportReporter -->
<testsuite hostname="CIEC483ZD14" failures="0" tests="3" name="com.api.tests.APIChaining.entireAPICall" time="4.137" errors="0" timestamp="2024-12-05T10:29:51 IST" skipped="0">
  <testcase classname="com.api.tests.APIChaining.entireAPICall" name="createUser" time="2.678"/>
  <testcase classname="com.api.tests.APIChaining.entireAPICall" name="updateUserAPI" time="0.771"/>
  <testcase classname="com.api.tests.APIChaining.entireAPICall" name="deleteUserAPI" time="0.688"/>
</testsuite> <!-- com.api.tests.APIChaining.entireAPICall -->
