<?xml version="1.0" encoding="UTF-8"?>
<!-- Generated by org.testng.reporters.JUnitReportReporter -->
<testsuite hostname="CIEC483ZD14" failures="0" tests="1" name="com.api.tests.updateUserViaExternalJSONObjectPATCHApi" time="1.928" errors="0" timestamp="2024-12-04T13:03:52 IST" skipped="0">
  <testcase classname="com.api.tests.updateUserViaExternalJSONObjectPATCHApi" name="updateUserAPI" time="1.928"/>
</testsuite> <!-- com.api.tests.updateUserViaExternalJSONObjectPATCHApi -->
