<?xml version="1.0" encoding="UTF-8"?>
<!-- Generated by org.testng.reporters.JUnitReportReporter -->
<testsuite hostname="CIEC483ZD14" failures="0" tests="6" name="com.api.tests.E2EAPIAutomation" time="5.626" errors="0" timestamp="2024-12-06T10:37:10 IST" skipped="0">
  <testcase classname="com.api.tests.E2EAPIAutomation" name="createUser" time="3.147"/>
  <testcase classname="com.api.tests.E2EAPIAutomation" name="verifyIfTheUserIsCreated" time="0.658"/>
  <testcase classname="com.api.tests.E2EAPIAutomation" name="updateUserAPI" time="0.425"/>
  <testcase classname="com.api.tests.E2EAPIAutomation" name="verifyIfTheUserIsUpdated" time="0.396"/>
  <testcase classname="com.api.tests.E2EAPIAutomation" name="deleteUserAPI" time="0.415"/>
  <testcase classname="com.api.tests.E2EAPIAutomation" name="verifyIfTheUserIsDeleted" time="0.585"/>
</testsuite> <!-- com.api.tests.E2EAPIAutomation -->
