<?xml version="1.0" encoding="UTF-8"?>
<!-- Generated by org.testng.reporters.JUnitReportReporter -->
<testsuite hostname="CIEC483ZD14" failures="0" tests="4" name="DDT.ApporachTwo_CreateUserUsingPost" time="2.489" errors="0" timestamp="2024-12-10T11:33:18 IST" skipped="0">
  <testcase classname="DDT.ApporachTwo_CreateUserUsingPost" name="createUserPostAPIMethodDDTUsingApproach2" time="0.318"/>
  <testcase classname="DDT.ApporachTwo_CreateUserUsingPost" name="createUserPostAPIMethodDDTUsingApproach2" time="0.354"/>
  <testcase classname="DDT.ApporachTwo_CreateUserUsingPost" name="createUserPostAPIMethodDDTUsingApproach2" time="0.396"/>
  <testcase classname="DDT.ApporachTwo_CreateUserUsingPost" name="createUserPostAPIMethodDDTUsingApproach2" time="1.421"/>
</testsuite> <!-- DDT.ApporachTwo_CreateUserUsingPost -->
