<?xml version="1.0" encoding="UTF-8"?>
<!-- Generated by org.testng.reporters.JUnitReportReporter -->
<testsuite hostname="CIEC483ZD14" failures="0" tests="6" name="com.api.tests.E2EAPIAutomationWithAllureReport" time="4.000" errors="0" timestamp="2024-12-10T10:43:39 IST" skipped="0">
  <testcase classname="com.api.tests.E2EAPIAutomationWithAllureReport" name="createUser" time="2.050"/>
  <testcase classname="com.api.tests.E2EAPIAutomationWithAllureReport" name="verifyIfTheUserIsCreated" time="0.600"/>
  <testcase classname="com.api.tests.E2EAPIAutomationWithAllureReport" name="updateUserAPI" time="0.364"/>
  <testcase classname="com.api.tests.E2EAPIAutomationWithAllureReport" name="verifyIfTheUserIsUpdated" time="0.355"/>
  <testcase classname="com.api.tests.E2EAPIAutomationWithAllureReport" name="deleteUserAPI" time="0.317"/>
  <testcase classname="com.api.tests.E2EAPIAutomationWithAllureReport" name="verifyIfTheUserIsDeleted" time="0.314"/>
</testsuite> <!-- com.api.tests.E2EAPIAutomationWithAllureReport -->
