<?xml version="1.0" encoding="UTF-8"?>
<!-- Generated by org.testng.reporters.JUnitReportReporter -->
<testsuite hostname="CIEC483ZD14" failures="0" tests="1" name="com.api.tests.POSTCalls.createUserPOSTapi" time="2.260" errors="0" timestamp="2024-12-05T14:27:30 IST" skipped="0">
  <testcase classname="com.api.tests.POSTCalls.createUserPOSTapi" name="createUser" time="2.260"/>
</testsuite> <!-- com.api.tests.POSTCalls.createUserPOSTapi -->
